app/build/outputs/logs/manifest-merger-360-debug-report.txt
-- Merging decision tree log ---
manifest
ADDED from src\main\AndroidManifest.xml:2:1-207:12
	package
		ADDED from src\main\AndroidManifest.xml:3:5-25
		INJECTED from src\main\AndroidManifest.xml
		INJECTED from src\main\AndroidManifest.xml
	android:versionName
		ADDED from src\main\AndroidManifest.xml:5:5-32
		INJECTED from src\main\AndroidManifest.xml
		INJECTED from src\main\AndroidManifest.xml
	android:versionCode
		ADDED from src\main\AndroidManifest.xml:4:5-29
		INJECTED from src\main\AndroidManifest.xml
		INJECTED from src\main\AndroidManifest.xml
	xmlns:android
		ADDED from src\main\AndroidManifest.xml:2:11-69
uses-sdk
ADDED from src\main\AndroidManifest.xml:7:5-9:41
MERGED from [com.bigkoo:pickerview:1.0.0] AndroidManifest.xml:7:5-9:41
MERGED from [com.android.support:appcompat-v7:21.0.3] AndroidManifest.xml:15:5-42
MERGED from [com.android.support:support-v4:21.0.3] AndroidManifest.xml:15:5-42
MERGED from [com.android.support.constraint:constraint-layout:1.0.2] AndroidManifest.xml:5:5-7:41
	android:targetSdkVersion
		ADDED from src\main\AndroidManifest.xml:9:9-38
		INJECTED from src\main\AndroidManifest.xml
		INJECTED from src\main\AndroidManifest.xml
	android:minSdkVersion
		ADDED from src\main\AndroidManifest.xml:8:9-35
		INJECTED from src\main\AndroidManifest.xml
		INJECTED from src\main\AndroidManifest.xml
supports-screens
ADDED from src\main\AndroidManifest.xml:11:5-16:39
	android:largeScreens
		ADDED from src\main\AndroidManifest.xml:13:9-36
	android:smallScreens
		ADDED from src\main\AndroidManifest.xml:16:9-36
	android:normalScreens
		ADDED from src\main\AndroidManifest.xml:14:9-37
	android:resizeable
		ADDED from src\main\AndroidManifest.xml:15:9-34
	android:anyDensity
		ADDED from src\main\AndroidManifest.xml:12:9-34
uses-permission#android.permission.MOUNT_UNMOUNT_FILESYSTEMS
ADDED from src\main\AndroidManifest.xml:18:5-84
	android:name
		ADDED from src\main\AndroidManifest.xml:18:22-81
uses-permission#android.permission.READ_LOGS
ADDED from src\main\AndroidManifest.xml:19:5-68
	android:name
		ADDED from src\main\AndroidManifest.xml:19:22-65
uses-permission#android.permission.READ_PHONE_STATE
ADDED from src\main\AndroidManifest.xml:20:5-75
	android:name
		ADDED from src\main\AndroidManifest.xml:20:22-72
uses-permission#android.permission.CHANGE_WIFI_STATE
ADDED from src\main\AndroidManifest.xml:21:5-76
	android:name
		ADDED from src\main\AndroidManifest.xml:21:22-73
uses-permission#android.permission.ACCESS_WIFI_STATE
ADDED from src\main\AndroidManifest.xml:22:5-76
	android:name
		ADDED from src\main\AndroidManifest.xml:22:22-73
uses-permission#android.permission.RESTART_PACKAGES
ADDED from src\main\AndroidManifest.xml:23:5-75
	android:name
		ADDED from src\main\AndroidManifest.xml:23:22-72
uses-permission#android.permission.ACCESS_NETWORK_STATE
ADDED from src\main\AndroidManifest.xml:25:5-79
	android:name
		ADDED from src\main\AndroidManifest.xml:25:22-76
uses-permission#android.permission.INTERNET
ADDED from src\main\AndroidManifest.xml:26:5-67
	android:name
		ADDED from src\main\AndroidManifest.xml:26:22-64
uses-permission#android.permission.WRITE_EXTERNAL_STORAGE
ADDED from src\main\AndroidManifest.xml:27:5-81
	android:name
		ADDED from src\main\AndroidManifest.xml:27:22-78
uses-permission#android.permission.RECEIVE_BOOT_COMPLETED
ADDED from src\main\AndroidManifest.xml:28:5-81
	android:name
		ADDED from src\main\AndroidManifest.xml:28:22-78
uses-permission#android.permission.CALL_PHONE
ADDED from src\main\AndroidManifest.xml:30:5-69
	android:name
		ADDED from src\main\AndroidManifest.xml:30:22-66
uses-permission#android.permission.GET_TASKS
ADDED from src\main\AndroidManifest.xml:32:5-68
	android:name
		ADDED from src\main\AndroidManifest.xml:32:22-65
uses-permission#android.permission.WRITE_SETTINGS
ADDED from src\main\AndroidManifest.xml:34:5-73
	android:name
		ADDED from src\main\AndroidManifest.xml:34:22-70
uses-permission#android.permission.MANAGE_ACCOUNTS
ADDED from src\main\AndroidManifest.xml:43:5-74
	android:name
		ADDED from src\main\AndroidManifest.xml:43:22-71
uses-permission#android.permission.GET_ACCOUNTS
ADDED from src\main\AndroidManifest.xml:44:5-71
	android:name
		ADDED from src\main\AndroidManifest.xml:44:22-68
uses-permission#android.permission.READ_EXTERNAL_STORAGE
ADDED from src\main\AndroidManifest.xml:45:5-80
	android:name
		ADDED from src\main\AndroidManifest.xml:45:22-77
application
ADDED from src\main\AndroidManifest.xml:47:5-205:19
MERGED from [com.android.support:appcompat-v7:21.0.3] AndroidManifest.xml:16:5-19
MERGED from [com.android.support:support-v4:21.0.3] AndroidManifest.xml:16:5-19
MERGED from [com.android.support.constraint:constraint-layout:1.0.2] AndroidManifest.xml:9:5-20
	android:label
		ADDED from src\main\AndroidManifest.xml:51:9-41
	android:allowBackup
		ADDED from src\main\AndroidManifest.xml:49:9-35
	android:icon
		ADDED from src\main\AndroidManifest.xml:50:9-45
	android:theme
		ADDED from src\main\AndroidManifest.xml:52:9-49
	android:name
		ADDED from src\main\AndroidManifest.xml:48:9-32
meta-data#UMENG_APPKEY
ADDED from src\main\AndroidManifest.xml:55:9-57:56
	android:value
		ADDED from src\main\AndroidManifest.xml:57:13-53
	android:name
		ADDED from src\main\AndroidManifest.xml:56:13-40
meta-data#UMENG_CHANNEL
ADDED from src\main\AndroidManifest.xml:58:9-60:37
	android:value
		ADDED from src\main\AndroidManifest.xml:60:13-34
	android:name
		ADDED from src\main\AndroidManifest.xml:59:13-41
activity#com.hr.ent.ui.WelcomeActivity
ADDED from src\main\AndroidManifest.xml:62:9-72:20
	android:screenOrientation
		ADDED from src\main\AndroidManifest.xml:65:13-49
	android:label
		ADDED from src\main\AndroidManifest.xml:64:13-45
	android:theme
		ADDED from src\main\AndroidManifest.xml:66:13-72
	android:name
		ADDED from src\main\AndroidManifest.xml:63:13-47
intent-filter#android.intent.action.MAIN+android.intent.category.LAUNCHER
ADDED from src\main\AndroidManifest.xml:67:13-71:29
action#android.intent.action.MAIN
ADDED from src\main\AndroidManifest.xml:68:17-69
	android:name
		ADDED from src\main\AndroidManifest.xml:68:25-66
category#android.intent.category.LAUNCHER
ADDED from src\main\AndroidManifest.xml:70:17-77
	android:name
		ADDED from src\main\AndroidManifest.xml:70:27-74
activity#com.hr.ent.ui.LoginActivity
ADDED from src\main\AndroidManifest.xml:74:9-76:52
	android:screenOrientation
		ADDED from src\main\AndroidManifest.xml:76:13-49
	android:name
		ADDED from src\main\AndroidManifest.xml:75:13-45
activity#com.hr.ent.ui.BaseActivity
ADDED from src\main\AndroidManifest.xml:78:9-80:52
	android:screenOrientation
		ADDED from src\main\AndroidManifest.xml:80:13-49
	android:name
		ADDED from src\main\AndroidManifest.xml:79:13-44
activity#com.hr.ent.ui.MainActivity
ADDED from src\main\AndroidManifest.xml:82:9-85:52
	android:screenOrientation
		ADDED from src\main\AndroidManifest.xml:85:13-49
	android:launchMode
		ADDED from src\main\AndroidManifest.xml:84:13-44
	android:name
		ADDED from src\main\AndroidManifest.xml:83:13-44
activity#com.hr.ent.ui.HomeActivity
ADDED from src\main\AndroidManifest.xml:87:9-90:52
	android:screenOrientation
		ADDED from src\main\AndroidManifest.xml:90:13-49
	android:launchMode
		ADDED from src\main\AndroidManifest.xml:89:13-44
	android:name
		ADDED from src\main\AndroidManifest.xml:88:13-44
activity#com.hr.ent.ui.LogininvalidActivity
ADDED from src\main\AndroidManifest.xml:92:9-95:52
	android:screenOrientation
		ADDED from src\main\AndroidManifest.xml:95:13-49
	android:launchMode
		ADDED from src\main\AndroidManifest.xml:94:13-44
	android:name
		ADDED from src\main\AndroidManifest.xml:93:13-52
activity#com.hr.ent.ui.ResumeActivity
ADDED from src\main\AndroidManifest.xml:97:9-100:52
	android:screenOrientation
		ADDED from src\main\AndroidManifest.xml:100:13-49
	android:launchMode
		ADDED from src\main\AndroidManifest.xml:99:13-44
	android:name
		ADDED from src\main\AndroidManifest.xml:98:13-46
activity#com.hr.ent.ui.ResumeScanActivity
ADDED from src\main\AndroidManifest.xml:102:9-104:52
	android:screenOrientation
		ADDED from src\main\AndroidManifest.xml:104:13-49
	android:name
		ADDED from src\main\AndroidManifest.xml:103:13-50
activity#com.hr.ent.ui.ResumeInfoActivity
ADDED from src\main\AndroidManifest.xml:106:9-108:52
	android:screenOrientation
		ADDED from src\main\AndroidManifest.xml:108:13-49
	android:name
		ADDED from src\main\AndroidManifest.xml:107:13-50
activity#com.hr.ent.ui.JobActivity
ADDED from src\main\AndroidManifest.xml:110:9-113:52
	android:screenOrientation
		ADDED from src\main\AndroidManifest.xml:113:13-49
	android:launchMode
		ADDED from src\main\AndroidManifest.xml:112:13-44
	android:name
		ADDED from src\main\AndroidManifest.xml:111:13-43
activity#com.hr.ent.ui.JobInfoActivity
ADDED from src\main\AndroidManifest.xml:115:9-117:52
	android:screenOrientation
		ADDED from src\main\AndroidManifest.xml:117:13-49
	android:name
		ADDED from src\main\AndroidManifest.xml:116:13-47
activity#com.hr.ent.ui.UserAgreementActivity
ADDED from src\main\AndroidManifest.xml:119:9-121:52
	android:screenOrientation
		ADDED from src\main\AndroidManifest.xml:121:13-49
	android:name
		ADDED from src\main\AndroidManifest.xml:120:13-53
activity#com.hr.ent.ui.CompanyRegisterActivity
ADDED from src\main\AndroidManifest.xml:123:9-125:52
	android:screenOrientation
		ADDED from src\main\AndroidManifest.xml:125:13-49
	android:name
		ADDED from src\main\AndroidManifest.xml:124:13-55
activity#com.hr.ent.ui.ChooseIndustriesActivity
ADDED from src\main\AndroidManifest.xml:127:9-129:52
	android:screenOrientation
		ADDED from src\main\AndroidManifest.xml:129:13-49
	android:name
		ADDED from src\main\AndroidManifest.xml:128:13-56
activity#com.hr.ent.ui.SelectTerritoryActivity
ADDED from src\main\AndroidManifest.xml:131:9-133:52
	android:screenOrientation
		ADDED from src\main\AndroidManifest.xml:133:13-49
	android:name
		ADDED from src\main\AndroidManifest.xml:132:13-55
activity#com.hr.ent.ui.PayQueryActivity
ADDED from src\main\AndroidManifest.xml:135:9-138:52
	android:screenOrientation
		ADDED from src\main\AndroidManifest.xml:138:13-49
	android:theme
		ADDED from src\main\AndroidManifest.xml:137:13-49
	android:name
		ADDED from src\main\AndroidManifest.xml:136:13-48
activity#com.hr.ent.ui.NewGuideActivity
ADDED from src\main\AndroidManifest.xml:140:9-142:52
	android:screenOrientation
		ADDED from src\main\AndroidManifest.xml:142:13-49
	android:name
		ADDED from src\main\AndroidManifest.xml:141:13-48
activity#com.hr.ent.ui.SelectPlaceToResumeActivity
ADDED from src\main\AndroidManifest.xml:144:9-146:52
	android:screenOrientation
		ADDED from src\main\AndroidManifest.xml:146:13-49
	android:name
		ADDED from src\main\AndroidManifest.xml:145:13-59
activity#com.hr.ent.ui.ChooseJobActivity
ADDED from src\main\AndroidManifest.xml:148:9-150:52
	android:screenOrientation
		ADDED from src\main\AndroidManifest.xml:150:13-49
	android:name
		ADDED from src\main\AndroidManifest.xml:149:13-49
activity#com.hr.ent.ui.SelectPlaceToResume2Activity
ADDED from src\main\AndroidManifest.xml:151:9-153:52
	android:screenOrientation
		ADDED from src\main\AndroidManifest.xml:153:13-49
	android:name
		ADDED from src\main\AndroidManifest.xml:152:13-60
activity#com.mob.tools.MobUIShell
ADDED from src\main\AndroidManifest.xml:155:9-169:20
	android:screenOrientation
		ADDED from src\main\AndroidManifest.xml:158:13-49
	android:windowSoftInputMode
		ADDED from src\main\AndroidManifest.xml:160:13-67
	android:configChanges
		ADDED from src\main\AndroidManifest.xml:157:13-74
	android:theme
		ADDED from src\main\AndroidManifest.xml:159:13-72
	android:name
		ADDED from src\main\AndroidManifest.xml:156:13-52
intent-filter#android.intent.action.VIEW+android.intent.category.BROWSABLE+android.intent.category.DEFAULT
ADDED from src\main\AndroidManifest.xml:161:13-168:29
data
ADDED from src\main\AndroidManifest.xml:162:17-59
	android:scheme
		ADDED from src\main\AndroidManifest.xml:162:23-56
action#android.intent.action.VIEW
ADDED from src\main\AndroidManifest.xml:164:17-69
	android:name
		ADDED from src\main\AndroidManifest.xml:164:25-66
category#android.intent.category.BROWSABLE
ADDED from src\main\AndroidManifest.xml:166:17-78
	android:name
		ADDED from src\main\AndroidManifest.xml:166:27-75
category#android.intent.category.DEFAULT
ADDED from src\main\AndroidManifest.xml:167:17-76
	android:name
		ADDED from src\main\AndroidManifest.xml:167:27-73
activity#com.hr.ent.ui.wxapi.WXEntryActivity
ADDED from src\main\AndroidManifest.xml:171:9-176:75
	android:screenOrientation
		ADDED from src\main\AndroidManifest.xml:175:13-49
	android:exported
		ADDED from src\main\AndroidManifest.xml:174:13-36
	android:configChanges
		ADDED from src\main\AndroidManifest.xml:173:13-74
	android:theme
		ADDED from src\main\AndroidManifest.xml:176:13-72
	android:name
		ADDED from src\main\AndroidManifest.xml:172:13-53
activity#com.hr.ent.ui.AppSettingActivity
ADDED from src\main\AndroidManifest.xml:177:9-59
	android:name
		ADDED from src\main\AndroidManifest.xml:177:19-56
activity#com.hr.ent.ui.ContactOurActivity
ADDED from src\main\AndroidManifest.xml:178:9-59
	android:name
		ADDED from src\main\AndroidManifest.xml:178:19-56
activity#com.hr.ent.ui.ServerInfoActivity
ADDED from src\main\AndroidManifest.xml:179:9-59
	android:name
		ADDED from src\main\AndroidManifest.xml:179:19-56
activity#com.hr.ent.ui.ServerParticularActivity
ADDED from src\main\AndroidManifest.xml:180:9-65
	android:name
		ADDED from src\main\AndroidManifest.xml:180:19-62
activity#com.hr.ent.ui.InviteListActivity
ADDED from src\main\AndroidManifest.xml:181:9-59
	android:name
		ADDED from src\main\AndroidManifest.xml:181:19-56
activity#com.hr.ent.ui.IntentionCommunicationActivity
ADDED from src\main\AndroidManifest.xml:182:9-71
	android:name
		ADDED from src\main\AndroidManifest.xml:182:19-68
activity#com.hr.ent.ui.InviteParticularActivity
ADDED from src\main\AndroidManifest.xml:183:9-65
	android:name
		ADDED from src\main\AndroidManifest.xml:183:19-62
activity#com.hr.ent.ui.ResumeParticularInviteActivity
ADDED from src\main\AndroidManifest.xml:184:9-71
	android:name
		ADDED from src\main\AndroidManifest.xml:184:19-68
activity#com.hr.ent.ui.ResumeSearchActivity
ADDED from src\main\AndroidManifest.xml:185:9-61
	android:name
		ADDED from src\main\AndroidManifest.xml:185:19-58
activity#com.hr.ent.ui.SearchResumeResult
ADDED from src\main\AndroidManifest.xml:186:9-59
	android:name
		ADDED from src\main\AndroidManifest.xml:186:19-56
activity#com.hr.ent.ui.SelectFunctionForSearchActivity
ADDED from src\main\AndroidManifest.xml:187:9-72
	android:name
		ADDED from src\main\AndroidManifest.xml:187:19-69
activity#com.hr.ent.ui.DoIntentionCommunicationActivity
ADDED from src\main\AndroidManifest.xml:188:9-73
	android:name
		ADDED from src\main\AndroidManifest.xml:188:19-70
activity#com.hr.ent.ui.ResumeOperationActivity
ADDED from src\main\AndroidManifest.xml:189:9-64
	android:name
		ADDED from src\main\AndroidManifest.xml:189:19-61
activity#com.hr.ent.ui.TalentsListActivity
ADDED from src\main\AndroidManifest.xml:190:9-192:67
	android:label
		ADDED from src\main\AndroidManifest.xml:192:13-64
	android:name
		ADDED from src\main\AndroidManifest.xml:191:13-51
activity#com.hr.ent.ui.TalentMessageActivity
ADDED from src\main\AndroidManifest.xml:193:9-62
	android:name
		ADDED from src\main\AndroidManifest.xml:193:19-59
activity#com.hr.ent.ui.PostJobActivity
ADDED from src\main\AndroidManifest.xml:194:9-56
	android:name
		ADDED from src\main\AndroidManifest.xml:194:19-53
activity#com.hr.ent.ui.MoreJobSettingActivity
ADDED from src\main\AndroidManifest.xml:195:9-63
	android:name
		ADDED from src\main\AndroidManifest.xml:195:19-60
activity#com.hr.ent.ui.GetDepartmentActivity
ADDED from src\main\AndroidManifest.xml:196:9-62
	android:name
		ADDED from src\main\AndroidManifest.xml:196:19-59
activity#com.hr.ent.ui.GetJobActivity
ADDED from src\main\AndroidManifest.xml:197:9-55
	android:name
		ADDED from src\main\AndroidManifest.xml:197:19-52
activity#com.hr.ent.ui.JobTypeActivity
ADDED from src\main\AndroidManifest.xml:198:9-56
	android:name
		ADDED from src\main\AndroidManifest.xml:198:19-53
activity#com.hr.ent.ui.SelectFunctionForJobActivity
ADDED from src\main\AndroidManifest.xml:199:9-69
	android:name
		ADDED from src\main\AndroidManifest.xml:199:19-66
activity#com.hr.ent.ui.SelectPlaceToJob
ADDED from src\main\AndroidManifest.xml:200:9-57
	android:name
		ADDED from src\main\AndroidManifest.xml:200:19-54
activity#com.hr.ent.ui.EditJobActivity
ADDED from src\main\AndroidManifest.xml:201:9-65
	android:name
		ADDED from src\main\AndroidManifest.xml:201:19-53
activity#com.hr.ent.ui.SelectFunctionForEditJobActivity
ADDED from src\main\AndroidManifest.xml:202:9-82
	android:name
		ADDED from src\main\AndroidManifest.xml:202:19-70
activity#com.hr.ent.ui.SelectPlaceToEditJobActivity
ADDED from src\main\AndroidManifest.xml:203:9-78
	android:name
		ADDED from src\main\AndroidManifest.xml:203:19-66
activity#com.hr.ent.ui.MoreEditJobSettingActivity
ADDED from src\main\AndroidManifest.xml:204:9-76
	android:name
		ADDED from src\main\AndroidManifest.xml:204:19-64